<?xml version="1.0" encoding="UTF-8"?>
<testsuite name="com.kodilla.testing.forum.statistics.StatisticsTestSuite" tests="10" skipped="0" failures="0" errors="0" timestamp="2019-12-16T10:54:45" hostname="1786PC1" time="0.2">
  <properties/>
  <testcase name="testWhenCommentsLessThenPosts" classname="com.kodilla.testing.forum.statistics.StatisticsTestSuite" time="0.149"/>
  <testcase name="testWhenZeroPosts" classname="com.kodilla.testing.forum.statistics.StatisticsTestSuite" time="0.003"/>
  <testcase name="testWhenZeroUsers" classname="com.kodilla.testing.forum.statistics.StatisticsTestSuite" time="0.003"/>
  <testcase name="testAverageCommentPerUser" classname="com.kodilla.testing.forum.statistics.StatisticsTestSuite" time="0.006"/>
  <testcase name="testAverageCommentsPerPost" classname="com.kodilla.testing.forum.statistics.StatisticsTestSuite" time="0.012"/>
  <testcase name="testWhenCommentsMoreThenPosts" classname="com.kodilla.testing.forum.statistics.StatisticsTestSuite" time="0.005"/>
  <testcase name="testWhenThousandPosts" classname="com.kodilla.testing.forum.statistics.StatisticsTestSuite" time="0.012"/>
  <testcase name="testWhenZeroComments" classname="com.kodilla.testing.forum.statistics.StatisticsTestSuite" time="0.004"/>
  <testcase name="testAveragePostPerUser" classname="com.kodilla.testing.forum.statistics.StatisticsTestSuite" time="0.002"/>
  <testcase name="testWhenHundedUsers" classname="com.kodilla.testing.forum.statistics.StatisticsTestSuite" time="0.002"/>
  <system-out><![CDATA[
This is the beginning of tests.

Preparing to execute test #1
Advanced forum statistics: 
User's counter: 2
Post's counter: 1000
Comment's counter: 300
Average posts per user: 500.0
Average comments per user: 150.0
Average comments per post: 0.3

Preparing to execute test #2
ArithmeticException occured!
Advanced forum statistics: 
User's counter: 2
Post's counter: 0
Comment's counter: 0
Average posts per user: 0.0
Average comments per user: 0.0
Average comments per post: NaN

Preparing to execute test #3
ArithmeticException occured!
ArithmeticException occured!
Advanced forum statistics: 
User's counter: 0
Post's counter: 230
Comment's counter: 20
Average posts per user: Infinity
Average comments per user: Infinity
Average comments per post: 0.08695652173913043

Preparing to execute test #4
Advanced forum statistics: 
User's counter: 100
Post's counter: 250
Comment's counter: 20
Average posts per user: 2.5
Average comments per user: 0.2
Average comments per post: 0.08

Preparing to execute test #5
Advanced forum statistics: 
User's counter: 100
Post's counter: 250
Comment's counter: 1250
Average posts per user: 2.5
Average comments per user: 12.5
Average comments per post: 5.0

Preparing to execute test #6
Advanced forum statistics: 
User's counter: 2
Post's counter: 20
Comment's counter: 300
Average posts per user: 10.0
Average comments per user: 150.0
Average comments per post: 15.0

Preparing to execute test #7
Advanced forum statistics: 
User's counter: 2
Post's counter: 1000
Comment's counter: 0
Average posts per user: 500.0
Average comments per user: 0.0
Average comments per post: 0.0

Preparing to execute test #8
ArithmeticException occured!
Advanced forum statistics: 
User's counter: 2
Post's counter: 0
Comment's counter: 0
Average posts per user: 0.0
Average comments per user: 0.0
Average comments per post: NaN

Preparing to execute test #9
Advanced forum statistics: 
User's counter: 100
Post's counter: 250
Comment's counter: 20
Average posts per user: 2.5
Average comments per user: 0.2
Average comments per post: 0.08

Preparing to execute test #10
Advanced forum statistics: 
User's counter: 100
Post's counter: 230
Comment's counter: 20
Average posts per user: 2.3
Average comments per user: 0.2
Average comments per post: 0.08695652173913043
All tests are finished.
]]></system-out>
  <system-err><![CDATA[]]></system-err>
</testsuite>
